[2022-07-27 12:51:57] production.DEBUG: select * from information_schema.tables where table_schema = ? and table_name = ? {"params":["casino","migrations"],"time":12.06} 
[2022-07-27 12:51:57] production.DEBUG: create table `migrations` (`id` int unsigned not null auto_increment primary key, `migration` varchar(255) not null, `batch` int not null) default character set utf8 collate 'utf8_unicode_ci' engine = InnoDB {"params":[],"time":39.98} 
[2022-07-27 12:51:57] production.DEBUG: select `migration` from `migrations` order by `batch` asc, `migration` asc {"params":[],"time":0.84} 
[2022-07-27 12:51:57] production.DEBUG: select max(`batch`) as aggregate from `migrations` {"params":[],"time":0.48} 
[2022-07-27 12:51:57] production.DEBUG: create table `users` (`id` int unsigned not null auto_increment primary key, `name` varchar(100) not null, `email` varchar(255) not null, `role` varchar(50) not null, `status` tinyint not null, `password` varchar(255) not null, `remember_token` varchar(100) null, `last_login_from` varchar(45) null, `last_login_at` datetime null, `email_verified_at` timestamp null, `created_at` timestamp null, `updated_at` timestamp null) default character set utf8 collate 'utf8_unicode_ci' engine = InnoDB {"params":[],"time":15.45} 
[2022-07-27 12:51:57] production.DEBUG: alter table `users` add index `users_role_index`(`role`) {"params":[],"time":8.44} 
[2022-07-27 12:51:57] production.DEBUG: alter table `users` add index `users_status_index`(`status`) {"params":[],"time":6.27} 
[2022-07-27 12:51:57] production.DEBUG: alter table `users` add unique `users_name_unique`(`name`) {"params":[],"time":7.53} 
[2022-07-27 12:51:57] production.DEBUG: alter table `users` add unique `users_email_unique`(`email`) {"params":[],"time":7.17} 
[2022-07-27 12:51:57] production.DEBUG: insert into `migrations` (`migration`, `batch`) values (?, ?) {"params":["2014_10_12_000000_create_users_table",1],"time":2.6} 
[2022-07-27 12:51:57] production.DEBUG: create table `password_resets` (`email` varchar(255) not null, `token` varchar(255) not null, `created_at` timestamp null) default character set utf8 collate 'utf8_unicode_ci' engine = InnoDB {"params":[],"time":15.71} 
[2022-07-27 12:51:57] production.DEBUG: alter table `password_resets` add index `password_resets_email_index`(`email`) {"params":[],"time":6.64} 
[2022-07-27 12:51:57] production.DEBUG: insert into `migrations` (`migration`, `batch`) values (?, ?) {"params":["2014_10_12_100000_create_password_resets_table",1],"time":1.64} 
[2022-07-27 12:51:57] production.DEBUG: create table `accounts` (`id` int unsigned not null auto_increment primary key, `user_id` int unsigned not null, `code` varchar(50) not null, `balance` decimal(20, 2) not null default '0', `created_at` timestamp null, `updated_at` timestamp null) default character set utf8 collate 'utf8_unicode_ci' engine = InnoDB {"params":[],"time":17.93} 
[2022-07-27 12:51:57] production.DEBUG: alter table `accounts` add constraint `accounts_user_id_foreign` foreign key (`user_id`) references `users` (`id`) on delete cascade on update cascade {"params":[],"time":31.63} 
[2022-07-27 12:51:57] production.DEBUG: alter table `accounts` add unique `accounts_code_unique`(`code`) {"params":[],"time":6.72} 
[2022-07-27 12:51:57] production.DEBUG: insert into `migrations` (`migration`, `batch`) values (?, ?) {"params":["2018_11_28_000000_create_accounts_table",1],"time":1.29} 
[2022-07-27 12:51:57] production.DEBUG: create table `account_transactions` (`id` int unsigned not null auto_increment primary key, `account_id` int unsigned not null, `amount` decimal(20, 2) not null, `balance` decimal(20, 2) not null, `transactionable_type` varchar(255) not null, `transactionable_id` bigint unsigned not null, `created_at` timestamp null, `updated_at` timestamp null) default character set utf8 collate 'utf8_unicode_ci' engine = InnoDB {"params":[],"time":12.38} 
[2022-07-27 12:51:57] production.DEBUG: alter table `account_transactions` add index `account_transactions_morph`(`transactionable_type`, `transactionable_id`) {"params":[],"time":6.66} 
[2022-07-27 12:51:57] production.DEBUG: alter table `account_transactions` add constraint `account_transactions_account_id_foreign` foreign key (`account_id`) references `accounts` (`id`) on delete cascade on update cascade {"params":[],"time":24.89} 
[2022-07-27 12:51:57] production.DEBUG: insert into `migrations` (`migration`, `batch`) values (?, ?) {"params":["2018_11_28_000001_create_account_transactions_table",1],"time":1.28} 
[2022-07-27 12:51:57] production.DEBUG: create table `games` (`id` int unsigned not null auto_increment primary key, `account_id` int unsigned not null, `gameable_type` varchar(255) not null, `gameable_id` bigint unsigned not null, `bet` decimal(16, 2) not null, `win` decimal(16, 2) not null, `result` varchar(100) null, `created_at` timestamp null, `updated_at` timestamp null) default character set utf8 collate 'utf8_unicode_ci' engine = InnoDB {"params":[],"time":13.2} 
[2022-07-27 12:51:57] production.DEBUG: alter table `games` add index `game_morph`(`gameable_type`, `gameable_id`) {"params":[],"time":6.25} 
[2022-07-27 12:51:57] production.DEBUG: alter table `games` add constraint `games_account_id_foreign` foreign key (`account_id`) references `accounts` (`id`) on delete cascade on update cascade {"params":[],"time":28.92} 
[2022-07-27 12:51:57] production.DEBUG: insert into `migrations` (`migration`, `batch`) values (?, ?) {"params":["2018_11_29_000000_create_games_table",1],"time":1.25} 
[2022-07-27 12:51:57] production.DEBUG: create table `game_slots` (`id` int unsigned not null auto_increment primary key, `lines_bet` int not null, `lines_win` int not null, `scatters_count` int not null, `reel_positions` varchar(50) not null, `created_at` timestamp null, `updated_at` timestamp null) default character set utf8 collate 'utf8_unicode_ci' engine = InnoDB {"params":[],"time":13.73} 
[2022-07-27 12:51:57] production.DEBUG: insert into `migrations` (`migration`, `batch`) values (?, ?) {"params":["2018_11_29_000001_create_game_slots_table",1],"time":1.15} 
[2022-07-27 12:51:57] production.DEBUG: alter table `games` drop `result` {"params":[],"time":48.29} 
[2022-07-27 12:51:57] production.DEBUG: insert into `migrations` (`migration`, `batch`) values (?, ?) {"params":["2019_01_14_114519_alter_games_table_delete_result",1],"time":1.06} 
[2022-07-27 12:51:57] production.DEBUG: alter table `games` add `status` tinyint not null after `win` {"params":[],"time":25.2} 
[2022-07-27 12:51:57] production.DEBUG: alter table `games` add index `games_status_index`(`status`) {"params":[],"time":6.68} 
[2022-07-27 12:51:57] production.DEBUG: update `games` set `status` = ? {"params":[1],"time":0.71} 
[2022-07-27 12:51:57] production.DEBUG: insert into `migrations` (`migration`, `batch`) values (?, ?) {"params":["2019_01_14_160000_alter_games_table_add_status",1],"time":0.86} 
[2022-07-27 12:51:57] production.DEBUG: alter table `users` add `referrer_id` int unsigned null after `id` {"params":[],"time":24.42} 
[2022-07-27 12:51:57] production.DEBUG: alter table `users` add constraint `users_referrer_id_foreign` foreign key (`referrer_id`) references `users` (`id`) on delete cascade on update cascade {"params":[],"time":27.93} 
[2022-07-27 12:51:57] production.DEBUG: insert into `migrations` (`migration`, `batch`) values (?, ?) {"params":["2019_02_18_101050_alter_users_table_add_referrer_id",1],"time":0.81} 
[2022-07-27 12:51:57] production.DEBUG: create table `referral_bonuses` (`id` int unsigned not null auto_increment primary key, `user_id` int unsigned not null, `type` tinyint not null, `amount` decimal(20, 2) not null, `created_at` timestamp null, `updated_at` timestamp null) default character set utf8 collate 'utf8_unicode_ci' engine = InnoDB {"params":[],"time":14.83} 
[2022-07-27 12:51:57] production.DEBUG: alter table `referral_bonuses` add constraint `referral_bonuses_user_id_foreign` foreign key (`user_id`) references `users` (`id`) on delete cascade on update cascade {"params":[],"time":26.59} 
[2022-07-27 12:51:57] production.DEBUG: insert into `migrations` (`migration`, `batch`) values (?, ?) {"params":["2019_02_18_131502_create_referral_bonuses_table",1],"time":0.91} 
[2022-07-27 12:51:57] production.DEBUG: create table `chat_messages` (`id` int unsigned not null auto_increment primary key, `user_id` int unsigned not null, `message` text not null, `created_at` timestamp null, `updated_at` timestamp null) default character set utf8 collate 'utf8_unicode_ci' engine = InnoDB {"params":[],"time":12.64} 
[2022-07-27 12:51:57] production.DEBUG: alter table `chat_messages` add constraint `chat_messages_user_id_foreign` foreign key (`user_id`) references `users` (`id`) on delete cascade on update cascade {"params":[],"time":25.73} 
[2022-07-27 12:51:57] production.DEBUG: insert into `migrations` (`migration`, `batch`) values (?, ?) {"params":["2019_02_19_125624_create_chat_messages_table",1],"time":1.37} 
[2022-07-27 12:51:57] production.DEBUG: create table `debits` (`id` int unsigned not null auto_increment primary key, `account_id` int unsigned not null, `amount` decimal(20, 2) not null, `created_at` timestamp null, `updated_at` timestamp null) default character set utf8 collate 'utf8_unicode_ci' engine = InnoDB {"params":[],"time":11.79} 
[2022-07-27 12:51:57] production.DEBUG: alter table `debits` add constraint `debits_account_id_foreign` foreign key (`account_id`) references `accounts` (`id`) on delete cascade on update cascade {"params":[],"time":28.18} 
[2022-07-27 12:51:57] production.DEBUG: insert into `migrations` (`migration`, `batch`) values (?, ?) {"params":["2019_03_05_072317_create_debits_table",1],"time":1.27} 
[2022-07-27 12:51:57] production.DEBUG: create table `credits` (`id` int unsigned not null auto_increment primary key, `account_id` int unsigned not null, `amount` decimal(20, 2) not null, `created_at` timestamp null, `updated_at` timestamp null) default character set utf8 collate 'utf8_unicode_ci' engine = InnoDB {"params":[],"time":15.58} 
[2022-07-27 12:51:57] production.DEBUG: alter table `credits` add constraint `credits_account_id_foreign` foreign key (`account_id`) references `accounts` (`id`) on delete cascade on update cascade {"params":[],"time":47.85} 
[2022-07-27 12:51:57] production.DEBUG: insert into `migrations` (`migration`, `batch`) values (?, ?) {"params":["2019_03_05_072644_create_credits_table",1],"time":1.45} 
[2022-07-27 12:51:57] production.DEBUG: alter table `games` add `secret` varchar(300) not null after `status`, add `server_seed` varchar(32) not null after `secret`, add `client_seed` varchar(32) null after `server_seed` {"params":[],"time":23.03} 
[2022-07-27 12:51:57] production.DEBUG: insert into `migrations` (`migration`, `batch`) values (?, ?) {"params":["2019_03_11_101041_alter_games_table_add_secret_seed",1],"time":1.26} 
[2022-07-27 12:51:57] production.DEBUG: alter table `game_slots` add `bet_amount` decimal(10, 2) not null after `lines_bet` {"params":[],"time":26.41} 
[2022-07-27 12:51:57] production.DEBUG: insert into `migrations` (`migration`, `batch`) values (?, ?) {"params":["2019_03_13_142811_alter_game_slots_table_add_bet_amount",1],"time":0.86} 
[2022-07-27 12:51:57] production.DEBUG: alter table `users` add `totp_secret` varchar(300) null after `remember_token` {"params":[],"time":23.14} 
[2022-07-27 12:51:57] production.DEBUG: insert into `migrations` (`migration`, `batch`) values (?, ?) {"params":["2019_06_13_095842_alter_users_table_add2_f_a_secret",1],"time":2.07} 
[2022-07-27 12:51:57] production.DEBUG: alter table `users` add `referee_sign_up_credits` int unsigned null after `totp_secret`, add `referrer_sign_up_credits` int unsigned null after `referee_sign_up_credits`, add `referrer_game_bet_pct` decimal(8, 2) unsigned null after `referrer_sign_up_credits`, add `referrer_deposit_pct` decimal(8, 2) unsigned null after `referrer_game_bet_pct` {"params":[],"time":20.96} 
[2022-07-27 12:51:57] production.DEBUG: insert into `migrations` (`migration`, `batch`) values (?, ?) {"params":["2019_07_16_070139_alter_users_table_add_referrer_fields",1],"time":1.75} 
[2022-07-27 12:51:57] production.DEBUG: update `account_transactions` set `transactionable_type` = ?, `updated_at` = ? where `transactionable_type` = ? {"params":["App\\Models\\Bonus","2022-07-27 12:51:57","App\\Models\\ReferralBonus"],"time":0.69} 
[2022-07-27 12:51:57] production.DEBUG: alter table `referral_bonuses` drop foreign key `referral_bonuses_user_id_foreign` {"params":[],"time":6.36} 
[2022-07-27 12:51:58] production.DEBUG: rename table `referral_bonuses` to `bonuses` {"params":[],"time":26.52} 
[2022-07-27 12:51:58] production.DEBUG: alter table `bonuses` add `account_id` int unsigned not null after `id` {"params":[],"time":17.06} 
[2022-07-27 12:51:58] production.DEBUG: select * from `bonuses` {"params":[],"time":0.41} 
[2022-07-27 12:51:58] production.DEBUG: alter table `bonuses` drop `user_id` {"params":[],"time":223.27} 
[2022-07-27 12:51:58] production.DEBUG: alter table `bonuses` add constraint `bonuses_account_id_foreign` foreign key (`account_id`) references `accounts` (`id`) on delete cascade on update cascade {"params":[],"time":88.51} 
[2022-07-27 12:51:58] production.DEBUG: insert into `migrations` (`migration`, `batch`) values (?, ?) {"params":["2019_09_18_150215_alter_referral_bonuses_table_add_account_id_foreign_key",1],"time":2.76} 
[2022-07-27 12:51:58] production.DEBUG: alter table `users` add `referrer_game_loss_pct` decimal(8, 2) unsigned null after `referrer_sign_up_credits`, add `referrer_game_win_pct` decimal(8, 2) unsigned null after `referrer_game_loss_pct` {"params":[],"time":26.42} 
[2022-07-27 12:51:58] production.DEBUG: alter table `users` drop `referrer_game_bet_pct` {"params":[],"time":27.7} 
[2022-07-27 12:51:58] production.DEBUG: insert into `migrations` (`migration`, `batch`) values (?, ?) {"params":["2019_09_19_085844_alter_users_table_modify_referrer_fields",1],"time":1.38} 
[2022-07-27 12:51:58] production.DEBUG: create table `commands` (`id` int unsigned not null auto_increment primary key, `class` varchar(255) not null, `count` int unsigned not null default '1', `created_at` timestamp null, `updated_at` timestamp null) default character set utf8 collate 'utf8_unicode_ci' engine = InnoDB {"params":[],"time":15.53} 
[2022-07-27 12:51:58] production.DEBUG: alter table `commands` add unique `commands_class_unique`(`class`) {"params":[],"time":7.19} 
[2022-07-27 12:51:58] production.DEBUG: insert into `migrations` (`migration`, `batch`) values (?, ?) {"params":["2019_09_26_091033_create_commands_table",1],"time":1.2} 
[2022-07-27 12:51:58] production.DEBUG: create table `social_profiles` (`id` int unsigned not null auto_increment primary key, `user_id` int unsigned not null, `provider_name` varchar(50) not null, `provider_user_id` varchar(255) not null, `created_at` timestamp null, `updated_at` timestamp null) default character set utf8 collate 'utf8_unicode_ci' engine = InnoDB {"params":[],"time":22.38} 
[2022-07-27 12:51:58] production.DEBUG: alter table `social_profiles` add constraint `social_profiles_user_id_foreign` foreign key (`user_id`) references `users` (`id`) on delete cascade on update cascade {"params":[],"time":37.43} 
[2022-07-27 12:51:58] production.DEBUG: alter table `social_profiles` add unique `social_profiles_provider_name_provider_user_id_unique`(`provider_name`, `provider_user_id`) {"params":[],"time":7.96} 
[2022-07-27 12:51:58] production.DEBUG: insert into `migrations` (`migration`, `batch`) values (?, ?) {"params":["2019_10_03_100000_create_social_profiles_table",1],"time":1.72} 
[2022-07-27 12:51:58] production.DEBUG: create table `game_free_slots` (`id` int unsigned not null auto_increment primary key, `account_id` int unsigned not null, `bet` decimal(16, 2) not null, `lines` int not null, `quantity` int not null, `created_at` timestamp null, `updated_at` timestamp null) default character set utf8 collate 'utf8_unicode_ci' engine = InnoDB {"params":[],"time":12.69} 
[2022-07-27 12:51:58] production.DEBUG: alter table `game_free_slots` add constraint `game_free_slots_account_id_foreign` foreign key (`account_id`) references `accounts` (`id`) on delete cascade on update cascade {"params":[],"time":30.26} 
[2022-07-27 12:51:58] production.DEBUG: alter table `game_free_slots` add index `game_free_slots_quantity_index`(`quantity`) {"params":[],"time":9.22} 
[2022-07-27 12:51:58] production.DEBUG: insert into `migrations` (`migration`, `batch`) values (?, ?) {"params":["2020_05_26_000001_create_game_free_slots_table",1],"time":1.65} 
[2022-07-27 12:51:58] production.DEBUG: alter table `game_slots` add `free_games_count` int not null after `scatters_count` {"params":[],"time":23.23} 
[2022-07-27 12:51:58] production.DEBUG: insert into `migrations` (`migration`, `batch`) values (?, ?) {"params":["2020_05_26_000010_alter_game_slots_table_add_free_games_count",1],"time":1.2} 
[2022-07-27 12:52:15] production.ERROR: No application encryption key has been specified. {"exception":"[object] (RuntimeException(code: 0): No application encryption key has been specified. at C:\\xampp\\htdocs\\driving\\casino\\vendor\\laravel\\framework\\src\\Illuminate\\Encryption\\EncryptionServiceProvider.php:44)
[stacktrace]
#0 C:\\xampp\\htdocs\\driving\\casino\\vendor\\laravel\\framework\\src\\Illuminate\\Support\\helpers.php(1027): Illuminate\\Encryption\\EncryptionServiceProvider->Illuminate\\Encryption\\{closure}('')
#1 C:\\xampp\\htdocs\\driving\\casino\\vendor\\laravel\\framework\\src\\Illuminate\\Encryption\\EncryptionServiceProvider.php(48): tap('', Object(Closure))
#2 C:\\xampp\\htdocs\\driving\\casino\\vendor\\laravel\\framework\\src\\Illuminate\\Encryption\\EncryptionServiceProvider.php(24): Illuminate\\Encryption\\EncryptionServiceProvider->key(Array)
#3 C:\\xampp\\htdocs\\driving\\casino\\vendor\\laravel\\framework\\src\\Illuminate\\Container\\Container.php(776): Illuminate\\Encryption\\EncryptionServiceProvider->Illuminate\\Encryption\\{closure}(Object(Illuminate\\Foundation\\Application), Array)
#4 C:\\xampp\\htdocs\\driving\\casino\\vendor\\laravel\\framework\\src\\Illuminate\\Container\\Container.php(658): Illuminate\\Container\\Container->build(Object(Closure))
#5 C:\\xampp\\htdocs\\driving\\casino\\vendor\\laravel\\framework\\src\\Illuminate\\Container\\Container.php(609): Illuminate\\Container\\Container->resolve('encrypter', Array)
#6 C:\\xampp\\htdocs\\driving\\casino\\vendor\\laravel\\framework\\src\\Illuminate\\Foundation\\Application.php(759): Illuminate\\Container\\Container->make('encrypter', Array)
#7 C:\\xampp\\htdocs\\driving\\casino\\vendor\\laravel\\framework\\src\\Illuminate\\Container\\Container.php(912): Illuminate\\Foundation\\Application->make('encrypter')
#8 C:\\xampp\\htdocs\\driving\\casino\\vendor\\laravel\\framework\\src\\Illuminate\\Container\\Container.php(840): Illuminate\\Container\\Container->resolveClass(Object(ReflectionParameter))
#9 C:\\xampp\\htdocs\\driving\\casino\\vendor\\laravel\\framework\\src\\Illuminate\\Container\\Container.php(807): Illuminate\\Container\\Container->resolveDependencies(Array)
#10 C:\\xampp\\htdocs\\driving\\casino\\vendor\\laravel\\framework\\src\\Illuminate\\Container\\Container.php(658): Illuminate\\Container\\Container->build('App\\\\Http\\\\Middle...')
#11 C:\\xampp\\htdocs\\driving\\casino\\vendor\\laravel\\framework\\src\\Illuminate\\Container\\Container.php(609): Illuminate\\Container\\Container->resolve('App\\\\Http\\\\Middle...', Array)
#12 C:\\xampp\\htdocs\\driving\\casino\\vendor\\laravel\\framework\\src\\Illuminate\\Foundation\\Application.php(759): Illuminate\\Container\\Container->make('App\\\\Http\\\\Middle...', Array)
#13 C:\\xampp\\htdocs\\driving\\casino\\vendor\\laravel\\framework\\src\\Illuminate\\Pipeline\\Pipeline.php(152): Illuminate\\Foundation\\Application->make('App\\\\Http\\\\Middle...')
#14 C:\\xampp\\htdocs\\driving\\casino\\vendor\\laravel\\framework\\src\\Illuminate\\Routing\\Pipeline.php(53): Illuminate\\Pipeline\\Pipeline->Illuminate\\Pipeline\\{closure}(Object(Illuminate\\Http\\Request))
#15 C:\\xampp\\htdocs\\driving\\casino\\vendor\\laravel\\framework\\src\\Illuminate\\Pipeline\\Pipeline.php(104): Illuminate\\Routing\\Pipeline->Illuminate\\Routing\\{closure}(Object(Illuminate\\Http\\Request))
#16 C:\\xampp\\htdocs\\driving\\casino\\vendor\\laravel\\framework\\src\\Illuminate\\Routing\\Router.php(684): Illuminate\\Pipeline\\Pipeline->then(Object(Closure))
#17 C:\\xampp\\htdocs\\driving\\casino\\vendor\\laravel\\framework\\src\\Illuminate\\Routing\\Router.php(659): Illuminate\\Routing\\Router->runRouteWithinStack(Object(Illuminate\\Routing\\Route), Object(Illuminate\\Http\\Request))
#18 C:\\xampp\\htdocs\\driving\\casino\\vendor\\laravel\\framework\\src\\Illuminate\\Routing\\Router.php(625): Illuminate\\Routing\\Router->runRoute(Object(Illuminate\\Http\\Request), Object(Illuminate\\Routing\\Route))
#19 C:\\xampp\\htdocs\\driving\\casino\\vendor\\laravel\\framework\\src\\Illuminate\\Routing\\Router.php(614): Illuminate\\Routing\\Router->dispatchToRoute(Object(Illuminate\\Http\\Request))
#20 C:\\xampp\\htdocs\\driving\\casino\\vendor\\laravel\\framework\\src\\Illuminate\\Foundation\\Http\\Kernel.php(176): Illuminate\\Routing\\Router->dispatch(Object(Illuminate\\Http\\Request))
#21 C:\\xampp\\htdocs\\driving\\casino\\vendor\\laravel\\framework\\src\\Illuminate\\Routing\\Pipeline.php(30): Illuminate\\Foundation\\Http\\Kernel->Illuminate\\Foundation\\Http\\{closure}(Object(Illuminate\\Http\\Request))
#22 C:\\xampp\\htdocs\\driving\\casino\\vendor\\fideloper\\proxy\\src\\TrustProxies.php(57): Illuminate\\Routing\\Pipeline->Illuminate\\Routing\\{closure}(Object(Illuminate\\Http\\Request))
#23 C:\\xampp\\htdocs\\driving\\casino\\vendor\\laravel\\framework\\src\\Illuminate\\Pipeline\\Pipeline.php(163): Fideloper\\Proxy\\TrustProxies->handle(Object(Illuminate\\Http\\Request), Object(Closure))
#24 C:\\xampp\\htdocs\\driving\\casino\\vendor\\laravel\\framework\\src\\Illuminate\\Routing\\Pipeline.php(53): Illuminate\\Pipeline\\Pipeline->Illuminate\\Pipeline\\{closure}(Object(Illuminate\\Http\\Request))
#25 C:\\xampp\\htdocs\\driving\\casino\\vendor\\laravel\\framework\\src\\Illuminate\\Foundation\\Http\\Middleware\\TransformsRequest.php(31): Illuminate\\Routing\\Pipeline->Illuminate\\Routing\\{closure}(Object(Illuminate\\Http\\Request))
#26 C:\\xampp\\htdocs\\driving\\casino\\vendor\\laravel\\framework\\src\\Illuminate\\Pipeline\\Pipeline.php(163): Illuminate\\Foundation\\Http\\Middleware\\TransformsRequest->handle(Object(Illuminate\\Http\\Request), Object(Closure))
#27 C:\\xampp\\htdocs\\driving\\casino\\vendor\\laravel\\framework\\src\\Illuminate\\Routing\\Pipeline.php(53): Illuminate\\Pipeline\\Pipeline->Illuminate\\Pipeline\\{closure}(Object(Illuminate\\Http\\Request))
#28 C:\\xampp\\htdocs\\driving\\casino\\vendor\\laravel\\framework\\src\\Illuminate\\Foundation\\Http\\Middleware\\TransformsRequest.php(31): Illuminate\\Routing\\Pipeline->Illuminate\\Routing\\{closure}(Object(Illuminate\\Http\\Request))
#29 C:\\xampp\\htdocs\\driving\\casino\\vendor\\laravel\\framework\\src\\Illuminate\\Pipeline\\Pipeline.php(163): Illuminate\\Foundation\\Http\\Middleware\\TransformsRequest->handle(Object(Illuminate\\Http\\Request), Object(Closure))
#30 C:\\xampp\\htdocs\\driving\\casino\\vendor\\laravel\\framework\\src\\Illuminate\\Routing\\Pipeline.php(53): Illuminate\\Pipeline\\Pipeline->Illuminate\\Pipeline\\{closure}(Object(Illuminate\\Http\\Request))
#31 C:\\xampp\\htdocs\\driving\\casino\\vendor\\laravel\\framework\\src\\Illuminate\\Foundation\\Http\\Middleware\\ValidatePostSize.php(27): Illuminate\\Routing\\Pipeline->Illuminate\\Routing\\{closure}(Object(Illuminate\\Http\\Request))
#32 C:\\xampp\\htdocs\\driving\\casino\\vendor\\laravel\\framework\\src\\Illuminate\\Pipeline\\Pipeline.php(163): Illuminate\\Foundation\\Http\\Middleware\\ValidatePostSize->handle(Object(Illuminate\\Http\\Request), Object(Closure))
#33 C:\\xampp\\htdocs\\driving\\casino\\vendor\\laravel\\framework\\src\\Illuminate\\Routing\\Pipeline.php(53): Illuminate\\Pipeline\\Pipeline->Illuminate\\Pipeline\\{closure}(Object(Illuminate\\Http\\Request))
#34 C:\\xampp\\htdocs\\driving\\casino\\vendor\\laravel\\framework\\src\\Illuminate\\Pipeline\\Pipeline.php(104): Illuminate\\Routing\\Pipeline->Illuminate\\Routing\\{closure}(Object(Illuminate\\Http\\Request))
#35 C:\\xampp\\htdocs\\driving\\casino\\vendor\\laravel\\framework\\src\\Illuminate\\Foundation\\Http\\Kernel.php(151): Illuminate\\Pipeline\\Pipeline->then(Object(Closure))
#36 C:\\xampp\\htdocs\\driving\\casino\\vendor\\laravel\\framework\\src\\Illuminate\\Foundation\\Http\\Kernel.php(116): Illuminate\\Foundation\\Http\\Kernel->sendRequestThroughRouter(Object(Illuminate\\Http\\Request))
#37 C:\\xampp\\htdocs\\driving\\casino\\public\\index.php(55): Illuminate\\Foundation\\Http\\Kernel->handle(Object(Illuminate\\Http\\Request))
#38 {main}
"} 
[2022-07-27 12:52:16] production.ERROR: No application encryption key has been specified. {"exception":"[object] (RuntimeException(code: 0): No application encryption key has been specified. at C:\\xampp\\htdocs\\driving\\casino\\vendor\\laravel\\framework\\src\\Illuminate\\Encryption\\EncryptionServiceProvider.php:44)
[stacktrace]
#0 C:\\xampp\\htdocs\\driving\\casino\\vendor\\laravel\\framework\\src\\Illuminate\\Support\\helpers.php(1027): Illuminate\\Encryption\\EncryptionServiceProvider->Illuminate\\Encryption\\{closure}('')
#1 C:\\xampp\\htdocs\\driving\\casino\\vendor\\laravel\\framework\\src\\Illuminate\\Encryption\\EncryptionServiceProvider.php(48): tap('', Object(Closure))
#2 C:\\xampp\\htdocs\\driving\\casino\\vendor\\laravel\\framework\\src\\Illuminate\\Encryption\\EncryptionServiceProvider.php(24): Illuminate\\Encryption\\EncryptionServiceProvider->key(Array)
#3 C:\\xampp\\htdocs\\driving\\casino\\vendor\\laravel\\framework\\src\\Illuminate\\Container\\Container.php(776): Illuminate\\Encryption\\EncryptionServiceProvider->Illuminate\\Encryption\\{closure}(Object(Illuminate\\Foundation\\Application), Array)
#4 C:\\xampp\\htdocs\\driving\\casino\\vendor\\laravel\\framework\\src\\Illuminate\\Container\\Container.php(658): Illuminate\\Container\\Container->build(Object(Closure))
#5 C:\\xampp\\htdocs\\driving\\casino\\vendor\\laravel\\framework\\src\\Illuminate\\Container\\Container.php(609): Illuminate\\Container\\Container->resolve('encrypter', Array)
#6 C:\\xampp\\htdocs\\driving\\casino\\vendor\\laravel\\framework\\src\\Illuminate\\Foundation\\Application.php(759): Illuminate\\Container\\Container->make('encrypter', Array)
#7 C:\\xampp\\htdocs\\driving\\casino\\vendor\\laravel\\framework\\src\\Illuminate\\Container\\Container.php(912): Illuminate\\Foundation\\Application->make('encrypter')
#8 C:\\xampp\\htdocs\\driving\\casino\\vendor\\laravel\\framework\\src\\Illuminate\\Container\\Container.php(840): Illuminate\\Container\\Container->resolveClass(Object(ReflectionParameter))
#9 C:\\xampp\\htdocs\\driving\\casino\\vendor\\laravel\\framework\\src\\Illuminate\\Container\\Container.php(807): Illuminate\\Container\\Container->resolveDependencies(Array)
#10 C:\\xampp\\htdocs\\driving\\casino\\vendor\\laravel\\framework\\src\\Illuminate\\Container\\Container.php(658): Illuminate\\Container\\Container->build('App\\\\Http\\\\Middle...')
#11 C:\\xampp\\htdocs\\driving\\casino\\vendor\\laravel\\framework\\src\\Illuminate\\Container\\Container.php(609): Illuminate\\Container\\Container->resolve('App\\\\Http\\\\Middle...', Array)
#12 C:\\xampp\\htdocs\\driving\\casino\\vendor\\laravel\\framework\\src\\Illuminate\\Foundation\\Application.php(759): Illuminate\\Container\\Container->make('App\\\\Http\\\\Middle...', Array)
#13 C:\\xampp\\htdocs\\driving\\casino\\vendor\\laravel\\framework\\src\\Illuminate\\Foundation\\Http\\Kernel.php(215): Illuminate\\Foundation\\Application->make('App\\\\Http\\\\Middle...')
#14 C:\\xampp\\htdocs\\driving\\casino\\vendor\\laravel\\framework\\src\\Illuminate\\Foundation\\Http\\Kernel.php(189): Illuminate\\Foundation\\Http\\Kernel->terminateMiddleware(Object(Illuminate\\Http\\Request), Object(Illuminate\\Http\\Response))
#15 C:\\xampp\\htdocs\\driving\\casino\\public\\index.php(60): Illuminate\\Foundation\\Http\\Kernel->terminate(Object(Illuminate\\Http\\Request), Object(Illuminate\\Http\\Response))
#16 {main}
"} 
